{"/Users/daddymcswagga/Documents/code/graphql-typescript-starter/src/schema.ts": {"path":"/Users/daddymcswagga/Documents/code/graphql-typescript-starter/src/schema.ts","statementMap":{"0":{"start":{"line":1,"column":0},"end":{"line":1,"column":53}},"1":{"start":{"line":2,"column":0},"end":{"line":2,"column":37}},"2":{"start":{"line":18,"column":25},"end":{"line":27,"column":null}},"3":{"start":{"line":20,"column":4},"end":{"line":20,"column":61}},"4":{"start":{"line":21,"column":4},"end":{"line":21,"column":65}},"5":{"start":{"line":22,"column":4},"end":{"line":22,"column":19}},"6":{"start":{"line":30,"column":0},"end":{"line":30,"column":54}}},"fnMap":{"0":{"name":"(anonymous_1)","decl":{"start":{"line":19,"column":2},"end":{"line":19,"column":3}},"loc":{"start":{"line":19,"column":22},"end":{"line":23,"column":3}}}},"branchMap":{},"s":{"0":2,"1":2,"2":2,"3":4,"4":4,"5":4,"6":2},"f":{"0":4},"b":{}}
,"/Users/daddymcswagga/Documents/code/graphql-typescript-starter/src/app/ping/PingDataSource.ts": {"path":"/Users/daddymcswagga/Documents/code/graphql-typescript-starter/src/app/ping/PingDataSource.ts","statementMap":{"0":{"start":{"line":1,"column":0},"end":{"line":1,"column":56}},"1":{"start":{"line":5,"column":4},"end":{"line":5,"column":12}},"2":{"start":{"line":3,"column":0},"end":{"line":3,"column":21}}},"fnMap":{"0":{"name":"(anonymous_0)","decl":{"start":{"line":4,"column":2},"end":{"line":4,"column":null}},"loc":{"start":{"line":4,"column":2},"end":{"line":6,"column":3}}}},"branchMap":{},"s":{"0":2,"1":0,"2":2},"f":{"0":0},"b":{}}
,"/Users/daddymcswagga/Documents/code/graphql-typescript-starter/src/app/ping/pingQueries.ts": {"path":"/Users/daddymcswagga/Documents/code/graphql-typescript-starter/src/app/ping/pingQueries.ts","statementMap":{"0":{"start":{"line":1,"column":13},"end":{"line":5,"column":2}},"1":{"start":{"line":3,"column":4},"end":{"line":3,"column":18}}},"fnMap":{"0":{"name":"(anonymous_0)","decl":{"start":{"line":2,"column":2},"end":{"line":2,"column":6}},"loc":{"start":{"line":2,"column":6},"end":{"line":4,"column":3}}}},"branchMap":{},"s":{"0":2,"1":0},"f":{"0":0},"b":{}}
,"/Users/daddymcswagga/Documents/code/graphql-typescript-starter/src/app/users/UserStoreDataSource.ts": {"path":"/Users/daddymcswagga/Documents/code/graphql-typescript-starter/src/app/users/UserStoreDataSource.ts","statementMap":{"0":{"start":{"line":1,"column":0},"end":{"line":1,"column":47}},"1":{"start":{"line":15,"column":4},"end":{"line":15,"column":12}},"2":{"start":{"line":16,"column":4},"end":{"line":16,"column":23}},"3":{"start":{"line":26,"column":4},"end":{"line":26,"column":34}},"4":{"start":{"line":30,"column":19},"end":{"line":32,"column":null}},"5":{"start":{"line":36,"column":6},"end":{"line":36,"column":23}},"6":{"start":{"line":38,"column":4},"end":{"line":38,"column":21}},"7":{"start":{"line":42,"column":4},"end":{"line":45,"column":6}},"8":{"start":{"line":49,"column":19},"end":{"line":51,"column":null}},"9":{"start":{"line":53,"column":4},"end":{"line":53,"column":69}},"10":{"start":{"line":57,"column":4},"end":{"line":60,"column":6}},"11":{"start":{"line":64,"column":0},"end":{"line":64,"column":35}}},"fnMap":{"0":{"name":"(anonymous_7)","decl":{"start":{"line":14,"column":2},"end":{"line":14,"column":14}},"loc":{"start":{"line":14,"column":23},"end":{"line":17,"column":3}}},"1":{"name":"(anonymous_8)","decl":{"start":{"line":25,"column":9},"end":{"line":25,"column":19}},"loc":{"start":{"line":25,"column":26},"end":{"line":27,"column":3}}}},"branchMap":{},"s":{"0":3,"1":4,"2":4,"3":0,"4":0,"5":0,"6":0,"7":0,"8":3,"9":0,"10":0,"11":3},"f":{"0":4,"1":0},"b":{}}
,"/Users/daddymcswagga/Documents/code/graphql-typescript-starter/src/app/users/userQueries.ts": {"path":"/Users/daddymcswagga/Documents/code/graphql-typescript-starter/src/app/users/userQueries.ts","statementMap":{"0":{"start":{"line":1,"column":0},"end":{"line":1,"column":59}},"1":{"start":{"line":4,"column":21},"end":{"line":9,"column":1}},"2":{"start":{"line":5,"column":15},"end":{"line":5,"column":27}},"3":{"start":{"line":7,"column":4},"end":{"line":7,"column":63}},"4":{"start":{"line":11,"column":13},"end":{"line":16,"column":2}},"5":{"start":{"line":13,"column":4},"end":{"line":13,"column":26}},"6":{"start":{"line":14,"column":4},"end":{"line":14,"column":70}},"7":{"start":{"line":18,"column":0},"end":{"line":18,"column":18}}},"fnMap":{"0":{"name":"(anonymous_0)","decl":{"start":{"line":4,"column":21},"end":{"line":4,"column":22}},"loc":{"start":{"line":4,"column":43},"end":{"line":9,"column":1}}},"1":{"name":"(anonymous_1)","decl":{"start":{"line":12,"column":2},"end":{"line":12,"column":6}},"loc":{"start":{"line":12,"column":33},"end":{"line":15,"column":3}}}},"branchMap":{},"s":{"0":2,"1":2,"2":0,"3":0,"4":2,"5":0,"6":0,"7":2},"f":{"0":0,"1":0},"b":{}}
,"/Users/daddymcswagga/Documents/code/graphql-typescript-starter/src/app/users/mutations/index.ts": {"path":"/Users/daddymcswagga/Documents/code/graphql-typescript-starter/src/app/users/mutations/index.ts","statementMap":{"0":{"start":{"line":1,"column":0},"end":{"line":1,"column":40}},"1":{"start":{"line":2,"column":0},"end":{"line":2,"column":42}},"2":{"start":{"line":3,"column":0},"end":{"line":3,"column":46}},"3":{"start":{"line":4,"column":0},"end":{"line":4,"column":46}},"4":{"start":{"line":6,"column":0},"end":{"line":11,"column":2}}},"fnMap":{},"branchMap":{},"s":{"0":2,"1":2,"2":2,"3":2,"4":2},"f":{},"b":{}}
,"/Users/daddymcswagga/Documents/code/graphql-typescript-starter/src/app/users/mutations/loginUserMutation.ts": {"path":"/Users/daddymcswagga/Documents/code/graphql-typescript-starter/src/app/users/mutations/loginUserMutation.ts","statementMap":{"0":{"start":{"line":1,"column":0},"end":{"line":1,"column":38}},"1":{"start":{"line":2,"column":0},"end":{"line":2,"column":59}},"2":{"start":{"line":3,"column":0},"end":{"line":3,"column":59}},"3":{"start":{"line":4,"column":0},"end":{"line":4,"column":44}},"4":{"start":{"line":13,"column":15},"end":{"line":13,"column":72}},"5":{"start":{"line":15,"column":6},"end":{"line":15,"column":63}},"6":{"start":{"line":17,"column":18},"end":{"line":17,"column":72}},"7":{"start":{"line":20,"column":6},"end":{"line":22,"column":8}},"8":{"start":{"line":25,"column":42},"end":{"line":25,"column":46}},"9":{"start":{"line":25,"column":26},"end":{"line":25,"column":42}},"10":{"start":{"line":26,"column":4},"end":{"line":28,"column":null}},"11":{"start":{"line":31,"column":4},"end":{"line":31,"column":68}},"12":{"start":{"line":32,"column":4},"end":{"line":32,"column":16}},"13":{"start":{"line":36,"column":0},"end":{"line":36,"column":21}}},"fnMap":{},"branchMap":{},"s":{"0":2,"1":2,"2":2,"3":2,"4":0,"5":0,"6":0,"7":0,"8":0,"9":0,"10":0,"11":0,"12":0,"13":2},"f":{},"b":{}}
,"/Users/daddymcswagga/Documents/code/graphql-typescript-starter/src/app/users/mutations/signupUserMutation.ts": {"path":"/Users/daddymcswagga/Documents/code/graphql-typescript-starter/src/app/users/mutations/signupUserMutation.ts","statementMap":{"0":{"start":{"line":1,"column":0},"end":{"line":1,"column":38}},"1":{"start":{"line":2,"column":0},"end":{"line":2,"column":50}},"2":{"start":{"line":3,"column":0},"end":{"line":3,"column":54}},"3":{"start":{"line":4,"column":0},"end":{"line":4,"column":44}},"4":{"start":{"line":13,"column":15},"end":{"line":13,"column":72}},"5":{"start":{"line":16,"column":6},"end":{"line":21,"column":8}},"6":{"start":{"line":23,"column":35},"end":{"line":23,"column":61}},"7":{"start":{"line":24,"column":6},"end":{"line":27,"column":9}},"8":{"start":{"line":30,"column":42},"end":{"line":30,"column":46}},"9":{"start":{"line":30,"column":26},"end":{"line":30,"column":42}},"10":{"start":{"line":32,"column":4},"end":{"line":34,"column":null}},"11":{"start":{"line":37,"column":4},"end":{"line":37,"column":68}},"12":{"start":{"line":38,"column":4},"end":{"line":38,"column":16}},"13":{"start":{"line":42,"column":0},"end":{"line":42,"column":22}}},"fnMap":{},"branchMap":{},"s":{"0":2,"1":2,"2":2,"3":2,"4":0,"5":0,"6":0,"7":0,"8":0,"9":0,"10":0,"11":0,"12":0,"13":2},"f":{},"b":{}}
,"/Users/daddymcswagga/Documents/code/graphql-typescript-starter/src/app/users/mutations/storeApnsToken.ts": {"path":"/Users/daddymcswagga/Documents/code/graphql-typescript-starter/src/app/users/mutations/storeApnsToken.ts","statementMap":{"0":{"start":{"line":4,"column":0},"end":{"line":4,"column":44}},"1":{"start":{"line":13,"column":4},"end":{"line":13,"column":79}},"2":{"start":{"line":14,"column":4},"end":{"line":16,"column":6}},"3":{"start":{"line":18,"column":4},"end":{"line":18,"column":53}},"4":{"start":{"line":19,"column":4},"end":{"line":19,"column":62}},"5":{"start":{"line":23,"column":0},"end":{"line":23,"column":30}}},"fnMap":{},"branchMap":{},"s":{"0":2,"1":0,"2":0,"3":0,"4":0,"5":2},"f":{},"b":{}}
,"/Users/daddymcswagga/Documents/code/graphql-typescript-starter/src/app/users/mutations/updateUserMutation.ts": {"path":"/Users/daddymcswagga/Documents/code/graphql-typescript-starter/src/app/users/mutations/updateUserMutation.ts","statementMap":{"0":{"start":{"line":1,"column":0},"end":{"line":1,"column":59}},"1":{"start":{"line":2,"column":0},"end":{"line":2,"column":44}},"2":{"start":{"line":7,"column":21},"end":{"line":7,"column":28}},"3":{"start":{"line":9,"column":6},"end":{"line":11,"column":8}},"4":{"start":{"line":14,"column":4},"end":{"line":14,"column":62}},"5":{"start":{"line":16,"column":4},"end":{"line":16,"column":44}},"6":{"start":{"line":17,"column":4},"end":{"line":17,"column":16}},"7":{"start":{"line":21,"column":0},"end":{"line":21,"column":26}}},"fnMap":{},"branchMap":{},"s":{"0":2,"1":2,"2":0,"3":0,"4":0,"5":0,"6":0,"7":2},"f":{},"b":{}}
,"/Users/daddymcswagga/Documents/code/graphql-typescript-starter/src/app/users/mutations/utils.ts": {"path":"/Users/daddymcswagga/Documents/code/graphql-typescript-starter/src/app/users/mutations/utils.ts","statementMap":{"0":{"start":{"line":1,"column":19},"end":{"line":1,"column":34}},"1":{"start":{"line":2,"column":0},"end":{"line":2,"column":31}},"2":{"start":{"line":4,"column":13},"end":{"line":10,"column":2}},"3":{"start":{"line":9,"column":2},"end":{"line":9,"column":63}}},"fnMap":{"0":{"name":"(anonymous_1)","decl":{"start":{"line":4,"column":27},"end":{"line":4,"column":null}},"loc":{"start":{"line":8,"column":4},"end":{"line":10,"column":1}}}},"branchMap":{},"s":{"0":2,"1":2,"2":2,"3":0},"f":{"0":0},"b":{}}
,"/Users/daddymcswagga/Documents/code/graphql-typescript-starter/src/config/apolloFactory.ts": {"path":"/Users/daddymcswagga/Documents/code/graphql-typescript-starter/src/config/apolloFactory.ts","statementMap":{"0":{"start":{"line":1,"column":0},"end":{"line":1,"column":53}},"1":{"start":{"line":3,"column":0},"end":{"line":3,"column":24}},"2":{"start":{"line":7,"column":0},"end":{"line":7,"column":67}},"3":{"start":{"line":8,"column":0},"end":{"line":8,"column":56}},"4":{"start":{"line":9,"column":0},"end":{"line":9,"column":42}},"5":{"start":{"line":10,"column":0},"end":{"line":10,"column":30}},"6":{"start":{"line":33,"column":29},"end":{"line":37,"column":1}},"7":{"start":{"line":34,"column":2},"end":{"line":36,"column":4}},"8":{"start":{"line":44,"column":13},"end":{"line":66,"column":2}},"9":{"start":{"line":45,"column":22},"end":{"line":48,"column":4}},"10":{"start":{"line":50,"column":2},"end":{"line":65,"column":5}},"11":{"start":{"line":58,"column":8},"end":{"line":58,"column":65}},"12":{"start":{"line":60,"column":8},"end":{"line":60,"column":80}},"13":{"start":{"line":63,"column":6},"end":{"line":63,"column":19}}},"fnMap":{"0":{"name":"(anonymous_1)","decl":{"start":{"line":33,"column":29},"end":{"line":33,"column":30}},"loc":{"start":{"line":33,"column":78},"end":{"line":37,"column":1}}},"1":{"name":"(anonymous_2)","decl":{"start":{"line":44,"column":28},"end":{"line":44,"column":29}},"loc":{"start":{"line":44,"column":76},"end":{"line":66,"column":1}}},"2":{"name":"(anonymous_4)","decl":{"start":{"line":54,"column":17},"end":{"line":54,"column":18}},"loc":{"start":{"line":54,"column":50},"end":{"line":64,"column":5}}}},"branchMap":{"0":{"loc":{"start":{"line":53,"column":13},"end":{"line":53,"column":26}},"type":"binary-expr","locations":[{"start":{"line":53,"column":13},"end":{"line":53,"column":26}},{"start":{"line":53,"column":30},"end":{"line":53,"column":50}}]}},"s":{"0":2,"1":2,"2":2,"3":2,"4":2,"5":2,"6":2,"7":0,"8":2,"9":0,"10":0,"11":0,"12":0,"13":0},"f":{"0":0,"1":0,"2":0},"b":{"0":[0,0]}}
,"/Users/daddymcswagga/Documents/code/graphql-typescript-starter/src/config/dbConfig.ts": {"path":"/Users/daddymcswagga/Documents/code/graphql-typescript-starter/src/config/dbConfig.ts","statementMap":{"0":{"start":{"line":1,"column":0},"end":{"line":1,"column":48}},"1":{"start":{"line":3,"column":17},"end":{"line":3,"column":46}},"2":{"start":{"line":5,"column":0},"end":{"line":5,"column":32}}},"fnMap":{},"branchMap":{"0":{"loc":{"start":{"line":3,"column":17},"end":{"line":3,"column":37}},"type":"binary-expr","locations":[{"start":{"line":3,"column":17},"end":{"line":3,"column":37}},{"start":{"line":3,"column":41},"end":{"line":3,"column":46}}]}},"s":{"0":3,"1":3,"2":3},"f":{},"b":{"0":[3,0]}}
,"/Users/daddymcswagga/Documents/code/graphql-typescript-starter/src/config/dbConnection.ts": {"path":"/Users/daddymcswagga/Documents/code/graphql-typescript-starter/src/config/dbConnection.ts","statementMap":{"0":{"start":{"line":4,"column":0},"end":{"line":4,"column":35}},"1":{"start":{"line":5,"column":0},"end":{"line":5,"column":33}},"2":{"start":{"line":7,"column":0},"end":{"line":7,"column":42}},"3":{"start":{"line":9,"column":0},"end":{"line":9,"column":34}},"4":{"start":{"line":14,"column":15},"end":{"line":14,"column":23}},"5":{"start":{"line":18,"column":13},"end":{"line":33,"column":2}},"6":{"start":{"line":18,"column":56},"end":{"line":33,"column":2}},"7":{"start":{"line":19,"column":2},"end":{"line":23,"column":5}},"8":{"start":{"line":21,"column":6},"end":{"line":21,"column":23}},"9":{"start":{"line":26,"column":13},"end":{"line":26,"column":24}},"10":{"start":{"line":29,"column":2},"end":{"line":29,"column":23}},"11":{"start":{"line":31,"column":2},"end":{"line":31,"column":69}},"12":{"start":{"line":31,"column":58},"end":{"line":31,"column":67}},"13":{"start":{"line":32,"column":2},"end":{"line":32,"column":12}},"14":{"start":{"line":35,"column":13},"end":{"line":37,"column":2}},"15":{"start":{"line":36,"column":2},"end":{"line":36,"column":19}}},"fnMap":{"0":{"name":"(anonymous_8)","decl":{"start":{"line":18,"column":20},"end":{"line":18,"column":54}},"loc":{"start":{"line":18,"column":56},"end":{"line":33,"column":2}}},"1":{"name":"(anonymous_9)","decl":{"start":{"line":18,"column":56},"end":{"line":18,"column":null}},"loc":{"start":{"line":18,"column":56},"end":{"line":33,"column":1}}},"2":{"name":"(anonymous_10)","decl":{"start":{"line":20,"column":11},"end":{"line":20,"column":12}},"loc":{"start":{"line":20,"column":15},"end":{"line":22,"column":5}}},"3":{"name":"(anonymous_11)","decl":{"start":{"line":31,"column":52},"end":{"line":31,"column":55}},"loc":{"start":{"line":31,"column":58},"end":{"line":31,"column":67}}},"4":{"name":"(anonymous_12)","decl":{"start":{"line":35,"column":21},"end":{"line":35,"column":24}},"loc":{"start":{"line":35,"column":26},"end":{"line":37,"column":1}}}},"branchMap":{},"s":{"0":3,"1":3,"2":3,"3":3,"4":3,"5":3,"6":3,"7":3,"8":0,"9":3,"10":3,"11":3,"12":0,"13":0,"14":3,"15":0},"f":{"0":3,"1":3,"2":0,"3":0,"4":0},"b":{}}
,"/Users/daddymcswagga/Documents/code/graphql-typescript-starter/src/config/dbDiagnostics.ts": {"path":"/Users/daddymcswagga/Documents/code/graphql-typescript-starter/src/config/dbDiagnostics.ts","statementMap":{"0":{"start":{"line":9,"column":0},"end":{"line":9,"column":26}},"1":{"start":{"line":10,"column":0},"end":{"line":10,"column":26}},"2":{"start":{"line":11,"column":0},"end":{"line":11,"column":40}},"3":{"start":{"line":13,"column":0},"end":{"line":13,"column":29}},"4":{"start":{"line":16,"column":13},"end":{"line":16,"column":43}},"5":{"start":{"line":19,"column":16},"end":{"line":19,"column":33}},"6":{"start":{"line":26,"column":0},"end":{"line":52,"column":3}},"7":{"start":{"line":34,"column":18},"end":{"line":34,"column":30}},"8":{"start":{"line":38,"column":6},"end":{"line":38,"column":33}},"9":{"start":{"line":40,"column":4},"end":{"line":40,"column":40}},"10":{"start":{"line":50,"column":4},"end":{"line":50,"column":25}},"11":{"start":{"line":54,"column":0},"end":{"line":67,"column":2}},"12":{"start":{"line":60,"column":6},"end":{"line":60,"column":32}},"13":{"start":{"line":64,"column":6},"end":{"line":64,"column":43}}},"fnMap":{"0":{"name":"(anonymous_1)","decl":{"start":{"line":26,"column":17},"end":{"line":26,"column":18}},"loc":{"start":{"line":26,"column":31},"end":{"line":52,"column":1}}},"1":{"name":"(anonymous_2)","decl":{"start":{"line":57,"column":2},"end":{"line":57,"column":6}},"loc":{"start":{"line":57,"column":22},"end":{"line":66,"column":3}}}},"branchMap":{},"s":{"0":3,"1":3,"2":3,"3":3,"4":3,"5":3,"6":3,"7":0,"8":0,"9":0,"10":0,"11":3,"12":0,"13":3},"f":{"0":0,"1":3},"b":{}}
,"/Users/daddymcswagga/Documents/code/graphql-typescript-starter/src/config/logger.ts": {"path":"/Users/daddymcswagga/Documents/code/graphql-typescript-starter/src/config/logger.ts","statementMap":{"0":{"start":{"line":1,"column":0},"end":{"line":1,"column":39}},"1":{"start":{"line":2,"column":0},"end":{"line":2,"column":37}},"2":{"start":{"line":3,"column":0},"end":{"line":3,"column":24}},"3":{"start":{"line":4,"column":0},"end":{"line":4,"column":36}},"4":{"start":{"line":5,"column":0},"end":{"line":5,"column":42}},"5":{"start":{"line":7,"column":13},"end":{"line":7,"column":66}},"6":{"start":{"line":9,"column":12},"end":{"line":24,"column":2}},"7":{"start":{"line":10,"column":16},"end":{"line":10,"column":33}},"8":{"start":{"line":13,"column":4},"end":{"line":16,"column":34}},"9":{"start":{"line":18,"column":4},"end":{"line":18,"column":16}},"10":{"start":{"line":20,"column":18},"end":{"line":20,"column":44}},"11":{"start":{"line":21,"column":15},"end":{"line":21,"column":48}},"12":{"start":{"line":22,"column":2},"end":{"line":22,"column":47}},"13":{"start":{"line":23,"column":2},"end":{"line":23,"column":14}},"14":{"start":{"line":28,"column":4},"end":{"line":28,"column":33}},"15":{"start":{"line":30,"column":2},"end":{"line":30,"column":15}},"16":{"start":{"line":33,"column":15},"end":{"line":49,"column":2}},"17":{"start":{"line":45,"column":14},"end":{"line":45,"column":80}},"18":{"start":{"line":51,"column":0},"end":{"line":51,"column":22}}},"fnMap":{"0":{"name":"(anonymous_2)","decl":{"start":{"line":9,"column":19},"end":{"line":9,"column":23}},"loc":{"start":{"line":9,"column":26},"end":{"line":24,"column":1}}},"1":{"name":"formatObject","decl":{"start":{"line":26,"column":9},"end":{"line":26,"column":21}},"loc":{"start":{"line":26,"column":27},"end":{"line":31,"column":1}}},"2":{"name":"(anonymous_4)","decl":{"start":{"line":45,"column":6},"end":{"line":45,"column":10}},"loc":{"start":{"line":45,"column":14},"end":{"line":45,"column":80}}}},"branchMap":{"0":{"loc":{"start":{"line":10,"column":16},"end":{"line":10,"column":27}},"type":"binary-expr","locations":[{"start":{"line":10,"column":16},"end":{"line":10,"column":27}},{"start":{"line":10,"column":31},"end":{"line":10,"column":33}}]},"1":{"loc":{"start":{"line":13,"column":4},"end":{"line":13,"column":36}},"type":"binary-expr","locations":[{"start":{"line":13,"column":4},"end":{"line":13,"column":36}},{"start":{"line":14,"column":5},"end":{"line":14,"column":32}},{"start":{"line":15,"column":6},"end":{"line":15,"column":33}},{"start":{"line":16,"column":6},"end":{"line":16,"column":33}}]},"2":{"loc":{"start":{"line":34,"column":24},"end":{"line":34,"column":30}},"type":"cond-expr","locations":[{"start":{"line":34,"column":24},"end":{"line":34,"column":30}},{"start":{"line":34,"column":33},"end":{"line":34,"column":40}}]},"3":{"loc":{"start":{"line":39,"column":29},"end":{"line":39,"column":56}},"type":"cond-expr","locations":[{"start":{"line":39,"column":29},"end":{"line":39,"column":56}},{"start":{"line":39,"column":59},"end":{"line":39,"column":61}}]}},"s":{"0":2,"1":2,"2":2,"3":2,"4":2,"5":2,"6":2,"7":0,"8":0,"9":0,"10":0,"11":0,"12":0,"13":0,"14":0,"15":0,"16":2,"17":0,"18":2},"f":{"0":0,"1":0,"2":0},"b":{"0":[0,0],"1":[0,0,0,0],"2":[0,2],"3":[0,2]}}
,"/Users/daddymcswagga/Documents/code/graphql-typescript-starter/src/config/util.ts": {"path":"/Users/daddymcswagga/Documents/code/graphql-typescript-starter/src/config/util.ts","statementMap":{"0":{"start":{"line":2,"column":19},"end":{"line":2,"column":34}},"1":{"start":{"line":3,"column":0},"end":{"line":3,"column":31}},"2":{"start":{"line":4,"column":0},"end":{"line":4,"column":28}},"3":{"start":{"line":9,"column":19},"end":{"line":9,"column":21}},"4":{"start":{"line":11,"column":13},"end":{"line":26,"column":2}},"5":{"start":{"line":15,"column":18},"end":{"line":15,"column":54}},"6":{"start":{"line":16,"column":19},"end":{"line":16,"column":48}},"7":{"start":{"line":19,"column":6},"end":{"line":19,"column":18}},"8":{"start":{"line":22,"column":4},"end":{"line":22,"column":18}},"9":{"start":{"line":25,"column":2},"end":{"line":25,"column":14}},"10":{"start":{"line":28,"column":13},"end":{"line":30,"column":2}},"11":{"start":{"line":29,"column":2},"end":{"line":29,"column":46}},"12":{"start":{"line":32,"column":13},"end":{"line":37,"column":2}},"13":{"start":{"line":36,"column":2},"end":{"line":36,"column":43}}},"fnMap":{"0":{"name":"(anonymous_1)","decl":{"start":{"line":11,"column":32},"end":{"line":11,"column":null}},"loc":{"start":{"line":13,"column":25},"end":{"line":26,"column":1}}},"1":{"name":"(anonymous_2)","decl":{"start":{"line":28,"column":26},"end":{"line":28,"column":27}},"loc":{"start":{"line":28,"column":67},"end":{"line":30,"column":1}}},"2":{"name":"(anonymous_3)","decl":{"start":{"line":32,"column":35},"end":{"line":32,"column":null}},"loc":{"start":{"line":35,"column":22},"end":{"line":37,"column":1}}}},"branchMap":{},"s":{"0":2,"1":2,"2":2,"3":2,"4":2,"5":0,"6":0,"7":0,"8":0,"9":0,"10":2,"11":0,"12":2,"13":0},"f":{"0":0,"1":0,"2":0},"b":{}}
,"/Users/daddymcswagga/Documents/code/graphql-typescript-starter/src/schemas/index.ts": {"path":"/Users/daddymcswagga/Documents/code/graphql-typescript-starter/src/schemas/index.ts","statementMap":{"0":{"start":{"line":1,"column":0},"end":{"line":1,"column":31}},"1":{"start":{"line":4,"column":9},"end":{"line":4,"column":13}},"2":{"start":{"line":2,"column":0},"end":{"line":2,"column":31}},"3":{"start":{"line":4,"column":15},"end":{"line":4,"column":19}}},"fnMap":{},"branchMap":{},"s":{"0":2,"1":2,"2":2,"3":2},"f":{},"b":{}}
,"/Users/daddymcswagga/Documents/code/graphql-typescript-starter/src/schemas/ping.ts": {"path":"/Users/daddymcswagga/Documents/code/graphql-typescript-starter/src/schemas/ping.ts","statementMap":{"0":{"start":{"line":1,"column":0},"end":{"line":1,"column":48}},"1":{"start":{"line":3,"column":13},"end":{"line":7,"column":2}},"2":{"start":{"line":9,"column":13},"end":{"line":11,"column":2}}},"fnMap":{},"branchMap":{},"s":{"0":2,"1":2,"2":2},"f":{},"b":{}}
,"/Users/daddymcswagga/Documents/code/graphql-typescript-starter/src/schemas/user.ts": {"path":"/Users/daddymcswagga/Documents/code/graphql-typescript-starter/src/schemas/user.ts","statementMap":{"0":{"start":{"line":1,"column":0},"end":{"line":1,"column":62}},"1":{"start":{"line":2,"column":0},"end":{"line":2,"column":47}},"2":{"start":{"line":4,"column":13},"end":{"line":28,"column":2}},"3":{"start":{"line":30,"column":13},"end":{"line":33,"column":null}}},"fnMap":{},"branchMap":{},"s":{"0":2,"1":2,"2":2,"3":2},"f":{},"b":{}}
,"/Users/daddymcswagga/Documents/code/graphql-typescript-starter/test/support/createServer.ts": {"path":"/Users/daddymcswagga/Documents/code/graphql-typescript-starter/test/support/createServer.ts","statementMap":{"0":{"start":{"line":1,"column":29},"end":{"line":1,"column":61}},"1":{"start":{"line":2,"column":0},"end":{"line":2,"column":38}},"2":{"start":{"line":3,"column":0},"end":{"line":3,"column":62}},"3":{"start":{"line":4,"column":0},"end":{"line":4,"column":45}},"4":{"start":{"line":8,"column":22},"end":{"line":10,"column":2}},"5":{"start":{"line":8,"column":42},"end":{"line":10,"column":2}},"6":{"start":{"line":12,"column":30},"end":{"line":13,"column":36}},"7":{"start":{"line":12,"column":56},"end":{"line":13,"column":36}},"8":{"start":{"line":13,"column":2},"end":{"line":13,"column":36}},"9":{"start":{"line":17,"column":21},"end":{"line":28,"column":2}},"10":{"start":{"line":17,"column":67},"end":{"line":28,"column":2}},"11":{"start":{"line":18,"column":17},"end":{"line":18,"column":21}},"12":{"start":{"line":20,"column":4},"end":{"line":20,"column":45}},"13":{"start":{"line":23,"column":17},"end":{"line":26,"column":4}},"14":{"start":{"line":27,"column":2},"end":{"line":27,"column":34}},"15":{"start":{"line":30,"column":0},"end":{"line":30,"column":28}}},"fnMap":{"0":{"name":"(anonymous_8)","decl":{"start":{"line":8,"column":22},"end":{"line":8,"column":23}},"loc":{"start":{"line":8,"column":42},"end":{"line":10,"column":2}}},"1":{"name":"(anonymous_10)","decl":{"start":{"line":12,"column":30},"end":{"line":12,"column":54}},"loc":{"start":{"line":12,"column":56},"end":{"line":13,"column":36}}},"2":{"name":"(anonymous_11)","decl":{"start":{"line":12,"column":56},"end":{"line":12,"column":null}},"loc":{"start":{"line":12,"column":56},"end":{"line":13,"column":36}}},"3":{"name":"(anonymous_12)","decl":{"start":{"line":17,"column":21},"end":{"line":17,"column":28}},"loc":{"start":{"line":17,"column":67},"end":{"line":28,"column":2}}},"4":{"name":"(anonymous_13)","decl":{"start":{"line":17,"column":67},"end":{"line":17,"column":null}},"loc":{"start":{"line":17,"column":67},"end":{"line":28,"column":1}}}},"branchMap":{},"s":{"0":2,"1":2,"2":2,"3":2,"4":2,"5":0,"6":2,"7":0,"8":0,"9":2,"10":0,"11":0,"12":0,"13":0,"14":0,"15":2},"f":{"0":0,"1":0,"2":0,"3":0,"4":0},"b":{}}
,"/Users/daddymcswagga/Documents/code/graphql-typescript-starter/test/support/dbHelpers.ts": {"path":"/Users/daddymcswagga/Documents/code/graphql-typescript-starter/test/support/dbHelpers.ts","statementMap":{"0":{"start":{"line":1,"column":0},"end":{"line":1,"column":28}},"1":{"start":{"line":2,"column":0},"end":{"line":2,"column":60}},"2":{"start":{"line":10,"column":13},"end":{"line":13,"column":2}},"3":{"start":{"line":10,"column":33},"end":{"line":13,"column":2}},"4":{"start":{"line":11,"column":2},"end":{"line":11,"column":20}},"5":{"start":{"line":12,"column":2},"end":{"line":12,"column":12}},"6":{"start":{"line":17,"column":13},"end":{"line":19,"column":2}},"7":{"start":{"line":17,"column":55},"end":{"line":19,"column":2}},"8":{"start":{"line":18,"column":2},"end":{"line":18,"column":44}},"9":{"start":{"line":21,"column":13},"end":{"line":25,"column":2}},"10":{"start":{"line":21,"column":34},"end":{"line":25,"column":2}},"11":{"start":{"line":22,"column":2},"end":{"line":22,"column":37}},"12":{"start":{"line":23,"column":2},"end":{"line":23,"column":16}},"13":{"start":{"line":24,"column":2},"end":{"line":24,"column":12}},"14":{"start":{"line":27,"column":13},"end":{"line":40,"column":2}},"15":{"start":{"line":27,"column":65},"end":{"line":40,"column":2}},"16":{"start":{"line":28,"column":19},"end":{"line":28,"column":48}},"17":{"start":{"line":29,"column":14},"end":{"line":29,"column":79}},"18":{"start":{"line":32,"column":4},"end":{"line":32,"column":18}},"19":{"start":{"line":35,"column":17},"end":{"line":36,"column":null}},"20":{"start":{"line":38,"column":15},"end":{"line":38,"column":68}},"21":{"start":{"line":39,"column":2},"end":{"line":39,"column":14}}},"fnMap":{"0":{"name":"(anonymous_8)","decl":{"start":{"line":10,"column":22},"end":{"line":10,"column":31}},"loc":{"start":{"line":10,"column":33},"end":{"line":13,"column":2}}},"1":{"name":"(anonymous_9)","decl":{"start":{"line":10,"column":33},"end":{"line":10,"column":null}},"loc":{"start":{"line":10,"column":33},"end":{"line":13,"column":1}}},"2":{"name":"(anonymous_10)","decl":{"start":{"line":17,"column":27},"end":{"line":17,"column":34}},"loc":{"start":{"line":17,"column":55},"end":{"line":19,"column":2}}},"3":{"name":"(anonymous_11)","decl":{"start":{"line":17,"column":55},"end":{"line":17,"column":null}},"loc":{"start":{"line":17,"column":55},"end":{"line":19,"column":1}}},"4":{"name":"(anonymous_12)","decl":{"start":{"line":21,"column":23},"end":{"line":21,"column":32}},"loc":{"start":{"line":21,"column":34},"end":{"line":25,"column":2}}},"5":{"name":"(anonymous_13)","decl":{"start":{"line":21,"column":34},"end":{"line":21,"column":null}},"loc":{"start":{"line":21,"column":34},"end":{"line":25,"column":1}}},"6":{"name":"(anonymous_14)","decl":{"start":{"line":27,"column":26},"end":{"line":27,"column":33}},"loc":{"start":{"line":27,"column":65},"end":{"line":40,"column":2}}},"7":{"name":"(anonymous_15)","decl":{"start":{"line":27,"column":65},"end":{"line":27,"column":null}},"loc":{"start":{"line":27,"column":65},"end":{"line":40,"column":1}}}},"branchMap":{},"s":{"0":3,"1":3,"2":3,"3":3,"4":3,"5":0,"6":3,"7":4,"8":4,"9":3,"10":1,"11":1,"12":0,"13":0,"14":3,"15":0,"16":0,"17":0,"18":0,"19":0,"20":0,"21":0},"f":{"0":3,"1":3,"2":4,"3":4,"4":1,"5":1,"6":0,"7":0},"b":{}}
}
