TN:
SF:/Users/daddymcswagga/Documents/code/graphql-typescript-starter/src/schema.ts
FN:19,(anonymous_1)
FNF:1
FNH:1
FNDA:4,(anonymous_1)
DA:1,2
DA:2,2
DA:18,2
DA:20,4
DA:21,4
DA:22,4
DA:30,2
LF:7
LH:7
BRF:0
BRH:0
end_of_record
TN:
SF:/Users/daddymcswagga/Documents/code/graphql-typescript-starter/src/app/ping/PingDataSource.ts
FN:4,(anonymous_0)
FNF:1
FNH:0
FNDA:0,(anonymous_0)
DA:1,2
DA:3,2
DA:5,0
LF:3
LH:2
BRF:0
BRH:0
end_of_record
TN:
SF:/Users/daddymcswagga/Documents/code/graphql-typescript-starter/src/app/ping/pingQueries.ts
FN:2,(anonymous_0)
FNF:1
FNH:0
FNDA:0,(anonymous_0)
DA:1,2
DA:3,0
LF:2
LH:1
BRF:0
BRH:0
end_of_record
TN:
SF:/Users/daddymcswagga/Documents/code/graphql-typescript-starter/src/app/users/UserStoreDataSource.ts
FN:14,(anonymous_7)
FN:25,(anonymous_8)
FNF:2
FNH:1
FNDA:4,(anonymous_7)
FNDA:0,(anonymous_8)
DA:1,3
DA:15,4
DA:16,4
DA:26,0
DA:30,0
DA:36,0
DA:38,0
DA:42,0
DA:49,3
DA:53,0
DA:57,0
DA:64,3
LF:12
LH:5
BRF:0
BRH:0
end_of_record
TN:
SF:/Users/daddymcswagga/Documents/code/graphql-typescript-starter/src/app/users/userQueries.ts
FN:4,(anonymous_0)
FN:12,(anonymous_1)
FNF:2
FNH:0
FNDA:0,(anonymous_0)
FNDA:0,(anonymous_1)
DA:1,2
DA:4,2
DA:5,0
DA:7,0
DA:11,2
DA:13,0
DA:14,0
DA:18,2
LF:8
LH:4
BRF:0
BRH:0
end_of_record
TN:
SF:/Users/daddymcswagga/Documents/code/graphql-typescript-starter/src/app/users/mutations/index.ts
FNF:0
FNH:0
DA:1,2
DA:2,2
DA:3,2
DA:4,2
DA:6,2
LF:5
LH:5
BRF:0
BRH:0
end_of_record
TN:
SF:/Users/daddymcswagga/Documents/code/graphql-typescript-starter/src/app/users/mutations/loginUserMutation.ts
FNF:0
FNH:0
DA:1,2
DA:2,2
DA:3,2
DA:4,2
DA:13,0
DA:15,0
DA:17,0
DA:20,0
DA:25,0
DA:26,0
DA:31,0
DA:32,0
DA:36,2
LF:13
LH:5
BRF:0
BRH:0
end_of_record
TN:
SF:/Users/daddymcswagga/Documents/code/graphql-typescript-starter/src/app/users/mutations/signupUserMutation.ts
FNF:0
FNH:0
DA:1,2
DA:2,2
DA:3,2
DA:4,2
DA:13,0
DA:16,0
DA:23,0
DA:24,0
DA:30,0
DA:32,0
DA:37,0
DA:38,0
DA:42,2
LF:13
LH:5
BRF:0
BRH:0
end_of_record
TN:
SF:/Users/daddymcswagga/Documents/code/graphql-typescript-starter/src/app/users/mutations/storeApnsToken.ts
FNF:0
FNH:0
DA:4,2
DA:13,0
DA:14,0
DA:18,0
DA:19,0
DA:23,2
LF:6
LH:2
BRF:0
BRH:0
end_of_record
TN:
SF:/Users/daddymcswagga/Documents/code/graphql-typescript-starter/src/app/users/mutations/updateUserMutation.ts
FNF:0
FNH:0
DA:1,2
DA:2,2
DA:7,0
DA:9,0
DA:14,0
DA:16,0
DA:17,0
DA:21,2
LF:8
LH:3
BRF:0
BRH:0
end_of_record
TN:
SF:/Users/daddymcswagga/Documents/code/graphql-typescript-starter/src/app/users/mutations/utils.ts
FN:4,(anonymous_1)
FNF:1
FNH:0
FNDA:0,(anonymous_1)
DA:1,2
DA:2,2
DA:4,2
DA:9,0
LF:4
LH:3
BRF:0
BRH:0
end_of_record
TN:
SF:/Users/daddymcswagga/Documents/code/graphql-typescript-starter/src/config/apolloFactory.ts
FN:33,(anonymous_1)
FN:44,(anonymous_2)
FN:54,(anonymous_4)
FNF:3
FNH:0
FNDA:0,(anonymous_1)
FNDA:0,(anonymous_2)
FNDA:0,(anonymous_4)
DA:1,2
DA:3,2
DA:7,2
DA:8,2
DA:9,2
DA:10,2
DA:33,2
DA:34,0
DA:44,2
DA:45,0
DA:50,0
DA:58,0
DA:60,0
DA:63,0
LF:14
LH:8
BRDA:53,0,0,0
BRDA:53,0,1,0
BRF:2
BRH:0
end_of_record
TN:
SF:/Users/daddymcswagga/Documents/code/graphql-typescript-starter/src/config/dbConfig.ts
FNF:0
FNH:0
DA:1,3
DA:3,3
DA:5,3
LF:3
LH:3
BRDA:3,0,0,3
BRDA:3,0,1,0
BRF:2
BRH:1
end_of_record
TN:
SF:/Users/daddymcswagga/Documents/code/graphql-typescript-starter/src/config/dbConnection.ts
FN:18,(anonymous_8)
FN:18,(anonymous_9)
FN:20,(anonymous_10)
FN:31,(anonymous_11)
FN:35,(anonymous_12)
FNF:5
FNH:2
FNDA:3,(anonymous_8)
FNDA:3,(anonymous_9)
FNDA:0,(anonymous_10)
FNDA:0,(anonymous_11)
FNDA:0,(anonymous_12)
DA:4,3
DA:5,3
DA:7,3
DA:9,3
DA:14,3
DA:18,3
DA:19,3
DA:21,0
DA:26,3
DA:29,3
DA:31,3
DA:32,0
DA:35,3
DA:36,0
LF:14
LH:11
BRF:0
BRH:0
end_of_record
TN:
SF:/Users/daddymcswagga/Documents/code/graphql-typescript-starter/src/config/dbDiagnostics.ts
FN:26,(anonymous_1)
FN:57,(anonymous_2)
FNF:2
FNH:1
FNDA:0,(anonymous_1)
FNDA:3,(anonymous_2)
DA:9,3
DA:10,3
DA:11,3
DA:13,3
DA:16,3
DA:19,3
DA:26,3
DA:34,0
DA:38,0
DA:40,0
DA:50,0
DA:54,3
DA:60,0
DA:64,3
LF:14
LH:9
BRF:0
BRH:0
end_of_record
TN:
SF:/Users/daddymcswagga/Documents/code/graphql-typescript-starter/src/config/logger.ts
FN:9,(anonymous_2)
FN:26,formatObject
FN:45,(anonymous_4)
FNF:3
FNH:0
FNDA:0,(anonymous_2)
FNDA:0,formatObject
FNDA:0,(anonymous_4)
DA:1,2
DA:2,2
DA:3,2
DA:4,2
DA:5,2
DA:7,2
DA:9,2
DA:10,0
DA:13,0
DA:18,0
DA:20,0
DA:21,0
DA:22,0
DA:23,0
DA:28,0
DA:30,0
DA:33,2
DA:45,0
DA:51,2
LF:19
LH:9
BRDA:10,0,0,0
BRDA:10,0,1,0
BRDA:13,1,0,0
BRDA:13,1,1,0
BRDA:13,1,2,0
BRDA:13,1,3,0
BRDA:34,2,0,0
BRDA:34,2,1,2
BRDA:39,3,0,0
BRDA:39,3,1,2
BRF:10
BRH:2
end_of_record
TN:
SF:/Users/daddymcswagga/Documents/code/graphql-typescript-starter/src/config/util.ts
FN:11,(anonymous_1)
FN:28,(anonymous_2)
FN:32,(anonymous_3)
FNF:3
FNH:0
FNDA:0,(anonymous_1)
FNDA:0,(anonymous_2)
FNDA:0,(anonymous_3)
DA:2,2
DA:3,2
DA:4,2
DA:9,2
DA:11,2
DA:15,0
DA:16,0
DA:19,0
DA:22,0
DA:25,0
DA:28,2
DA:29,0
DA:32,2
DA:36,0
LF:14
LH:7
BRF:0
BRH:0
end_of_record
TN:
SF:/Users/daddymcswagga/Documents/code/graphql-typescript-starter/src/schemas/index.ts
FNF:0
FNH:0
DA:1,2
DA:2,2
DA:4,2
LF:3
LH:3
BRF:0
BRH:0
end_of_record
TN:
SF:/Users/daddymcswagga/Documents/code/graphql-typescript-starter/src/schemas/ping.ts
FNF:0
FNH:0
DA:1,2
DA:3,2
DA:9,2
LF:3
LH:3
BRF:0
BRH:0
end_of_record
TN:
SF:/Users/daddymcswagga/Documents/code/graphql-typescript-starter/src/schemas/user.ts
FNF:0
FNH:0
DA:1,2
DA:2,2
DA:4,2
DA:30,2
LF:4
LH:4
BRF:0
BRH:0
end_of_record
TN:
SF:/Users/daddymcswagga/Documents/code/graphql-typescript-starter/test/support/createServer.ts
FN:8,(anonymous_8)
FN:12,(anonymous_10)
FN:12,(anonymous_11)
FN:17,(anonymous_12)
FN:17,(anonymous_13)
FNF:5
FNH:0
FNDA:0,(anonymous_8)
FNDA:0,(anonymous_10)
FNDA:0,(anonymous_11)
FNDA:0,(anonymous_12)
FNDA:0,(anonymous_13)
DA:1,2
DA:2,2
DA:3,2
DA:4,2
DA:8,2
DA:12,2
DA:13,0
DA:17,2
DA:18,0
DA:20,0
DA:23,0
DA:27,0
DA:30,2
LF:13
LH:8
BRF:0
BRH:0
end_of_record
TN:
SF:/Users/daddymcswagga/Documents/code/graphql-typescript-starter/test/support/dbHelpers.ts
FN:10,(anonymous_8)
FN:10,(anonymous_9)
FN:17,(anonymous_10)
FN:17,(anonymous_11)
FN:21,(anonymous_12)
FN:21,(anonymous_13)
FN:27,(anonymous_14)
FN:27,(anonymous_15)
FNF:8
FNH:6
FNDA:3,(anonymous_8)
FNDA:3,(anonymous_9)
FNDA:4,(anonymous_10)
FNDA:4,(anonymous_11)
FNDA:1,(anonymous_12)
FNDA:1,(anonymous_13)
FNDA:0,(anonymous_14)
FNDA:0,(anonymous_15)
DA:1,3
DA:2,3
DA:10,3
DA:11,3
DA:12,0
DA:17,4
DA:18,4
DA:21,3
DA:22,1
DA:23,0
DA:24,0
DA:27,3
DA:28,0
DA:29,0
DA:32,0
DA:35,0
DA:38,0
DA:39,0
LF:18
LH:9
BRF:0
BRH:0
end_of_record
